<?xml version="1.0" encoding="UTF-8"?>
<!-- Generated by org.testng.reporters.JUnitReportReporter -->
<testsuite ignored="0" hostname="DESKTOP-CKBL5PE" failures="0" tests="1" name="org.testing.Testscripts.tc6" time="68.903" errors="0" timestamp="12 Oct 2023 11:44:04 GMT" skipped="0">
  <testcase classname="org.testing.Testscripts.tc6" name="commentonvideo" time="68.903"/>
</testsuite> <!-- org.testing.Testscripts.tc6 -->
