<?xml version="1.0" encoding="UTF-8"?>
<!-- Generated by org.testng.reporters.JUnitReportReporter -->
<testsuite ignored="0" hostname="DESKTOP-CKBL5PE" failures="0" tests="1" name="org.testing.Testscripts.tc7" time="54.492" errors="0" timestamp="25 Sep 2023 11:04:07 GMT" skipped="0">
  <testcase classname="org.testing.Testscripts.tc7" name="watchlater" time="54.492"/>
</testsuite> <!-- org.testing.Testscripts.tc7 -->
