<?xml version="1.0" encoding="UTF-8"?>
<!-- Generated by org.testng.reporters.JUnitReportReporter -->
<testsuite ignored="0" hostname="DESKTOP-CKBL5PE" failures="0" tests="1" name="org.testing.Testscripts.tc8" time="51.348" errors="0" timestamp="25 Sep 2023 11:06:54 GMT" skipped="0">
  <testcase classname="org.testing.Testscripts.tc8" name="library" time="51.348"/>
</testsuite> <!-- org.testing.Testscripts.tc8 -->
