<?xml version="1.0" encoding="UTF-8"?>
<!-- Generated by org.testng.reporters.JUnitReportReporter -->
<testsuite ignored="0" hostname="DESKTOP-CKBL5PE" failures="0" tests="1" name="org.testing.Testscripts.tc2" time="60.926" errors="0" timestamp="25 Sep 2023 10:31:55 GMT" skipped="0">
  <testcase classname="org.testing.Testscripts.tc2" name="historylaunch" time="60.926"/>
</testsuite> <!-- org.testing.Testscripts.tc2 -->
