<?xml version="1.0" encoding="UTF-8"?>
<!-- Generated by org.testng.reporters.JUnitReportReporter -->
<testsuite ignored="0" hostname="DESKTOP-CKBL5PE" failures="0" tests="1" name="org.testing.Testscripts.Tc1" time="74.800" errors="0" timestamp="12 Oct 2023 11:44:04 GMT" skipped="0">
  <testcase classname="org.testing.Testscripts.Tc1" name="login" time="74.800"/>
</testsuite> <!-- org.testing.Testscripts.Tc1 -->
