<?xml version="1.0" encoding="UTF-8"?>
<!-- Generated by org.testng.reporters.JUnitReportReporter -->
<testsuite ignored="0" hostname="DESKTOP-CKBL5PE" failures="0" tests="1" name="org.testing.Testscripts.tc4" time="61.459" errors="0" timestamp="25 Sep 2023 10:48:44 GMT" skipped="0">
  <testcase classname="org.testing.Testscripts.tc4" name="like" time="61.459"/>
</testsuite> <!-- org.testing.Testscripts.tc4 -->
